2016/01/21 20:57:28 にビルドを開始しました。
     1>ノード 2 上のプロジェクト "C:\Users\nwuser.DA\Documents\Visual Studio 2013\Projects\GAKUENSAI_IDATEN\GAKUENSAI_IDATEN\GAKUENSAI_IDATEN.vcxproj" (Build ターゲット)。
     1>ClCompile:
         C:\Program Files (x86)\Microsoft Visual Studio 12.0\VC\bin\CL.exe /c /IC:\Users\nwuser.DA\Desktop\Git\Includes /ZI /nologo /W3 /WX- /Od /Oy- /D WIN32 /D _DEBUG /D _WINDOWS /D _UNICODE /D UNICODE /Gm /EHsc /RTC1 /MDd /GS /fp:precise /Zc:wchar_t /Zc:forScope /Fo"Debug\\" /Fd"Debug\vc120.pdb" /Gd /TP /analyze- /errorReport:prompt Boss\BossManager.cpp
         BossManager.cpp
     1>c:\users\nwuser.da\documents\visual studio 2013\projects\gakuensai_idaten\gakuensai_idaten\boss\bossmanager.cpp(41): warning C4244: '初期化中' : 'float' から 'int' への変換です。データが失われる可能性があります。
       Link:
         C:\Program Files (x86)\Microsoft Visual Studio 12.0\VC\bin\link.exe /ERRORREPORT:PROMPT /OUT:"C:\Users\nwuser.DA\Documents\Visual Studio 2013\Projects\GAKUENSAI_IDATEN\Debug\GAKUENSAI_IDATEN.exe" /INCREMENTAL /NOLOGO /LIBPATH:C:\Users\nwuser.DA\Desktop\Git D3DX11.lib D3DX10.lib kernel32.lib user32.lib gdi32.lib winspool.lib comdlg32.lib advapi32.lib shell32.lib ole32.lib oleaut32.lib uuid.lib odbc32.lib odbccp32.lib kernel32.lib user32.lib gdi32.lib winspool.lib comdlg32.lib advapi32.lib shell32.lib ole32.lib oleaut32.lib uuid.lib odbc32.lib odbccp32.lib /MANIFEST /MANIFESTUAC:"level='asInvoker' uiAccess='false'" /manifest:embed /DEBUG /PDB:"C:\Users\nwuser.DA\Documents\Visual Studio 2013\Projects\GAKUENSAI_IDATEN\Debug\GAKUENSAI_IDATEN.pdb" /SUBSYSTEM:WINDOWS /TLBID:1 /DYNAMICBASE /NXCOMPAT /IMPLIB:"C:\Users\nwuser.DA\Documents\Visual Studio 2013\Projects\GAKUENSAI_IDATEN\Debug\GAKUENSAI_IDATEN.lib" /MACHINE:X86 Debug\AtackClass.obj
         Debug\block.obj
         Debug\Blockcoord_ToEnemy.obj
         Debug\BOSS.obj
         Debug\BossAtack.obj
         Debug\BossAtackManager.obj
         Debug\BossManager.obj
         Debug\MasterCloud.obj
         Debug\debugmsg.obj
         Debug\Enemy.obj
         Debug\Enemy01.obj
         Debug\Enemy02.obj
         Debug\Enemy03.obj
         Debug\Enemy04.obj
         Debug\Enemy05.obj
         Debug\Enemy06.obj
         Debug\Enemy07.obj
         Debug\EnemyManager.obj
         Debug\FrameRate.obj
         Debug\Itemclass.obj
         Debug\Itemdowner.obj
         Debug\ItemManager.obj
         Debug\Itemupper.obj
         Debug\Main.obj
         Debug\Paint_Player.obj
         Debug\Player_Move.obj
         Debug\Player_Status.obj
         Debug\Ranking.obj
         Debug\SandStrom.obj
         Debug\scroll.obj
         Debug\timer.obj
         GAKUENSAI_IDATEN.vcxproj -> C:\Users\nwuser.DA\Documents\Visual Studio 2013\Projects\GAKUENSAI_IDATEN\Debug\GAKUENSAI_IDATEN.exe
     1>プロジェクト "C:\Users\nwuser.DA\Documents\Visual Studio 2013\Projects\GAKUENSAI_IDATEN\GAKUENSAI_IDATEN\GAKUENSAI_IDATEN.vcxproj" (Build ターゲット) のビルドが完了しました。

ビルドに成功しました。

経過時間 00:00:10.28
